# JRE version: OpenJDK Runtime Environment (11.0.10) (build 11.0.10+0-b96-7249189)
# Java VM: OpenJDK 64-Bit Server VM (11.0.10+0-b96-7249189, mixed mode, tiered, compressed oops, g1 gc, windows-amd64)
Heap:
 garbage-first heap   total 528384K, used 271332K [0x0000000080000000, 0x0000000100000000)
  region size 1024K, 64 young (65536K), 33 survivors (33792K)
 Metaspace       used 130369K, capacity 133870K, committed 133964K, reserved 1165312K
  class space    used 15908K, capacity 17227K, committed 17228K, reserved 1048576K
GC Heap History (20 events):
Event: 315.769 GC heap before
{Heap before GC invocations=81 (full 0):
 garbage-first heap   total 528384K, used 452110K [0x0000000080000000, 0x0000000100000000)
  region size 1024K, 263 young (269312K), 17 survivors (17408K)
 Metaspace       used 130157K, capacity 133588K, committed 133708K, reserved 1165312K
  class space    used 15904K, capacity 17224K, committed 17228K, reserved 1048576K
}
Event: 315.795 GC heap after
{Heap after GC invocations=82 (full 0):
 garbage-first heap   total 528384K, used 211982K [0x0000000080000000, 0x0000000100000000)
  region size 1024K, 29 young (29696K), 29 survivors (29696K)
 Metaspace       used 130157K, capacity 133588K, committed 133708K, reserved 1165312K
  class space    used 15904K, capacity 17224K, committed 17228K, reserved 1048576K
}
Event: 316.358 GC heap before
{Heap before GC invocations=82 (full 0):
 garbage-first heap   total 528384K, used 446478K [0x0000000080000000, 0x0000000100000000)
  region size 1024K, 256 young (262144K), 29 survivors (29696K)
 Metaspace       used 130162K, capacity 133589K, committed 133708K, reserved 1165312K
  class space    used 15904K, capacity 17224K, committed 17228K, reserved 1048576K
}
Event: 316.389 GC heap after
{Heap after GC invocations=83 (full 0):
 garbage-first heap   total 528384K, used 206897K [0x0000000080000000, 0x0000000100000000)
  region size 1024K, 12 young (12288K), 12 survivors (12288K)
 Metaspace       used 130162K, capacity 133589K, committed 133708K, reserved 1165312K
  class space    used 15904K, capacity 17224K, committed 17228K, reserved 1048576K
}
Event: 316.997 GC heap before
{Heap before GC invocations=83 (full 0):
 garbage-first heap   total 528384K, used 450609K [0x0000000080000000, 0x0000000100000000)
  region size 1024K, 250 young (256000K), 12 survivors (12288K)
 Metaspace       used 130164K, capacity 133589K, committed 133708K, reserved 1165312K
  class space    used 15904K, capacity 17224K, committed 17228K, reserved 1048576K
}
Event: 317.008 GC heap after
{Heap after GC invocations=84 (full 0):
 garbage-first heap   total 528384K, used 208433K [0x0000000080000000, 0x0000000100000000)
  region size 1024K, 14 young (14336K), 14 survivors (14336K)
 Metaspace       used 130164K, capacity 133589K, committed 133708K, reserved 1165312K
  class space    used 15904K, capacity 17224K, committed 17228K, reserved 1048576K
}
Event: 317.617 GC heap before
{Heap before GC invocations=84 (full 0):
 garbage-first heap   total 528384K, used 454193K [0x0000000080000000, 0x0000000100000000)
  region size 1024K, 253 young (259072K), 14 survivors (14336K)
 Metaspace       used 130168K, capacity 133589K, committed 133708K, reserved 1165312K
  class space    used 15905K, capacity 17224K, committed 17228K, reserved 1048576K
}
Event: 317.628 GC heap after
{Heap after GC invocations=85 (full 0):
 garbage-first heap   total 528384K, used 209969K [0x0000000080000000, 0x0000000100000000)
  region size 1024K, 14 young (14336K), 14 survivors (14336K)
 Metaspace       used 130168K, capacity 133589K, committed 133708K, reserved 1165312K
  class space    used 15905K, capacity 17224K, committed 17228K, reserved 1048576K
}
Event: 318.398 GC heap before
{Heap before GC invocations=85 (full 0):
 garbage-first heap   total 528384K, used 455729K [0x0000000080000000, 0x0000000100000000)
  region size 1024K, 254 young (260096K), 14 survivors (14336K)
 Metaspace       used 130170K, capacity 133589K, committed 133708K, reserved 1165312K
  class space    used 15905K, capacity 17224K, committed 17228K, reserved 1048576K
}
Event: 318.408 GC heap after
{Heap after GC invocations=86 (full 0):
 garbage-first heap   total 528384K, used 209457K [0x0000000080000000, 0x0000000100000000)
  region size 1024K, 15 young (15360K), 15 survivors (15360K)
 Metaspace       used 130170K, capacity 133589K, committed 133708K, reserved 1165312K
  class space    used 15905K, capacity 17224K, committed 17228K, reserved 1048576K
}
Event: 319.624 GC heap before
{Heap before GC invocations=86 (full 0):
 garbage-first heap   total 528384K, used 459313K [0x0000000080000000, 0x0000000100000000)
  region size 1024K, 257 young (263168K), 15 survivors (15360K)
 Metaspace       used 130187K, capacity 133589K, committed 133708K, reserved 1165312K
  class space    used 15906K, capacity 17224K, committed 17228K, reserved 1048576K
}
Event: 319.632 GC heap after
{Heap after GC invocations=87 (full 0):
 garbage-first heap   total 528384K, used 201265K [0x0000000080000000, 0x0000000100000000)
  region size 1024K, 7 young (7168K), 7 survivors (7168K)
 Metaspace       used 130187K, capacity 133589K, committed 133708K, reserved 1165312K
  class space    used 15906K, capacity 17224K, committed 17228K, reserved 1048576K
}
Event: 320.542 GC heap before
{Heap before GC invocations=87 (full 0):
 garbage-first heap   total 528384K, used 456241K [0x0000000080000000, 0x0000000100000000)
  region size 1024K, 256 young (262144K), 7 survivors (7168K)
 Metaspace       used 130211K, capacity 133591K, committed 133708K, reserved 1165312K
  class space    used 15906K, capacity 17224K, committed 17228K, reserved 1048576K
}
Event: 320.552 GC heap after
{Heap after GC invocations=88 (full 0):
 garbage-first heap   total 528384K, used 206259K [0x0000000080000000, 0x0000000100000000)
  region size 1024K, 12 young (12288K), 12 survivors (12288K)
 Metaspace       used 130211K, capacity 133591K, committed 133708K, reserved 1165312K
  class space    used 15906K, capacity 17224K, committed 17228K, reserved 1048576K
}
Event: 321.272 GC heap before
{Heap before GC invocations=88 (full 0):
 garbage-first heap   total 528384K, used 455091K [0x0000000080000000, 0x0000000100000000)
  region size 1024K, 255 young (261120K), 12 survivors (12288K)
 Metaspace       used 130213K, capacity 133591K, committed 133708K, reserved 1165312K
  class space    used 15906K, capacity 17224K, committed 17228K, reserved 1048576K
}
Event: 321.282 GC heap after
{Heap after GC invocations=89 (full 0):
 garbage-first heap   total 528384K, used 204849K [0x0000000080000000, 0x0000000100000000)
  region size 1024K, 10 young (10240K), 10 survivors (10240K)
 Metaspace       used 130213K, capacity 133591K, committed 133708K, reserved 1165312K
  class space    used 15906K, capacity 17224K, committed 17228K, reserved 1048576K
}
Event: 322.335 GC heap before
{Heap before GC invocations=89 (full 0):
 garbage-first heap   total 528384K, used 457777K [0x0000000080000000, 0x0000000100000000)
  region size 1024K, 257 young (263168K), 10 survivors (10240K)
 Metaspace       used 130214K, capacity 133591K, committed 133708K, reserved 1165312K
  class space    used 15906K, capacity 17224K, committed 17228K, reserved 1048576K
}
Event: 322.343 GC heap after
{Heap after GC invocations=90 (full 0):
 garbage-first heap   total 528384K, used 204787K [0x0000000080000000, 0x0000000100000000)
  region size 1024K, 10 young (10240K), 10 survivors (10240K)
 Metaspace       used 130214K, capacity 133591K, committed 133708K, reserved 1165312K
  class space    used 15906K, capacity 17224K, committed 17228K, reserved 1048576K
}
Event: 323.895 GC heap before
{Heap before GC invocations=90 (full 0):
 garbage-first heap   total 528384K, used 475123K [0x0000000080000000, 0x0000000100000000)
  region size 1024K, 259 young (265216K), 10 survivors (10240K)
 Metaspace       used 130290K, capacity 133794K, committed 133964K, reserved 1165312K
  class space    used 15907K, capacity 17226K, committed 17228K, reserved 1048576K
}
Event: 323.937 GC heap after
{Heap after GC invocations=91 (full 0):
 garbage-first heap   total 528384K, used 240612K [0x0000000080000000, 0x0000000100000000)
  region size 1024K, 33 young (33792K), 33 survivors (33792K)
 Metaspace       used 130290K, capacity 133794K, committed 133964K, reserved 1165312K
  class space    used 15907K, capacity 17226K, committed 17228K, reserved 1048576K
}

